<?xml version="1.0" encoding="UTF-8"?>
<!-- Generated by org.testng.reporters.JUnitReportReporter -->
<testsuite skipped="0" hostname="DESKTOP-FID49DI" name="com.test.FrameworkTest" tests="1" failures="0" timestamp="10 Aug 2021 04:02:13 GMT" time="0.169" errors="0">
  <testcase name="testMethod" time="0.169" classname="com.test.FrameworkTest"/>
</testsuite> <!-- com.test.FrameworkTest -->
