<?xml version="1.0" encoding="UTF-8"?>
<!-- Generated by org.testng.reporters.JUnitReportReporter -->
<testsuite skipped="1" hostname="DESKTOP-FID49DI" name="com.test.LoginandSearch" tests="3" failures="0" timestamp="14 Aug 2021 03:49:27 GMT" time="35.930" errors="0">
  <testcase name="login_Negative" time="29.088" classname="com.test.LoginandSearch"/>
  <testcase name="search" time="6.842" classname="com.test.LoginandSearch"/>
  <testcase name="login_Positive" classname="com.test.LoginandSearch">
    <skipped/>
  </testcase> <!-- login_Positive -->
</testsuite> <!-- com.test.LoginandSearch -->
