<?xml version="1.0" encoding="UTF-8"?>
<!-- Generated by org.testng.reporters.JUnitReportReporter -->
<testsuite skipped="1" hostname="DESKTOP-FID49DI" name="com.test.FirefoxTest" tests="1" failures="0" timestamp="14 Aug 2021 03:55:42 GMT" time="0.000" errors="0">
  <testcase name="FirefoxTestMethod" time="0.000" classname="com.test.FirefoxTest">
    <skipped/>
  </testcase> <!-- FirefoxTestMethod -->
</testsuite> <!-- com.test.FirefoxTest -->
